<?xml version="1.0" encoding="UTF-8" ?>
<testsuite tests="7" failures="0" name="testRunner.TestRunner" time="1.825" errors="0" skipped="0">
  <properties>
[...]
</properties>
  <testcase classname="Scenario: I want to see home page" name="Given I go to the home page" time="0.004"/>
  <testcase classname="Scenario: I want to see home page" name="Then I should see home page" time="0"/>
  <testcase classname="Scenario: I want to see home page" name="Scenario: I want to see home page" time="0.969"/>
  <testcase classname="Scenario: I want to select an category" name="Given I go to the home page" time="0"/>
  <testcase classname="Scenario: I want to select an category" name="And I select API category" time="0"/>
  <testcase classname="Scenario: I want to select an category" name="Then I should see the &quot;API&quot; category" time="0"/>
  <testcase classname="Scenario: I want to select an category" name="Scenario: I want to select an category" time="0.852"/>
</testsuite>